C51 COMPILER V9.54   MAIN                                                                  04/01/2026 22:12:41 PAGE 1   


C51 COMPILER V9.54, COMPILATION OF MODULE MAIN
OBJECT MODULE PLACED IN .\Objects\main.obj
COMPILER INVOKED BY: D:\µ„Ę¬»ś\51µ„Ę¬»ś\klie5\C51\BIN\C51.EXE main.c OPTIMIZE(8,SPEED) BROWSE DEBUG OBJECTEXTEND PRINT(.
                    -\Listings\main.lst) TABS(2) OBJECT(.\Objects\main.obj)

line level    source

   1          #include <REGX52.H>
   2          void Delay(xms)   //@12.000MHz
   3          {
   4   1        unsigned char i, j;
   5   1      while(xms--)
   6   1      {i = 2;
   7   2        j = 239;
   8   2        do
   9   2        {
  10   3          while (--j);
  11   3        } while (--i);
  12   2      }
  13   1        }
  14          
  15          void main()
  16          { unsigned char LEDnum;
  17   1        while(1)
  18   1        {if(P3_1==0)
  19   2        {Delay(20);
  20   3        while(P3_1==0);
  21   3        Delay(20);
  22   3        LEDnum++;
  23   3        P2=~LEDnum;}
  24   2          
  25   2          }
  26   1        }


MODULE INFORMATION:   STATIC OVERLAYABLE
   CODE SIZE        =     50    ----
   CONSTANT SIZE    =   ----    ----
   XDATA SIZE       =   ----    ----
   PDATA SIZE       =   ----    ----
   DATA SIZE        =   ----       1
   IDATA SIZE       =   ----    ----
   BIT SIZE         =   ----    ----
END OF MODULE INFORMATION.


C51 COMPILATION COMPLETE.  0 WARNING(S),  0 ERROR(S)
