C51 COMPILER V9.54   MAIN                                                                  07/13/2026 15:12:07 PAGE 1   


C51 COMPILER V9.54, COMPILATION OF MODULE MAIN
OBJECT MODULE PLACED IN .\Objects\main.obj
COMPILER INVOKED BY: D:\embedded development\keil5\C51\BIN\C51.EXE main.c OPTIMIZE(8,SPEED) BROWSE DEBUG OBJECTEXTEND PR
                    -INT(.\Listings\main.lst) TABS(2) OBJECT(.\Objects\main.obj)

line level    source

   1          #include <REGX52.H>
   2          #include "Delay.h"
   3          #include "Matrix.h"
   4          
   5          unsigned char code Animation[]={
   6          0x00,0x0E,0x1B,0x7F,0x7F,0x1B,0x0E,0x00,
   7          0x00,0x04,0x0C,0x18,0x7F,0x7F,0x1B,0x0E,
   8          0x00,0x08,0x0C,0x05,0x7F,0x7F,0x1E,0x0C,
   9          0xC0,0x00,0x41,0x22,0x1A,0x7C,0x7D,0x1A,
  10          0x00,0x60,0x61,0x12,0x0A,0x7E,0x7F,0x08,  
  11          0x00,0x06,0x0E,0x08,0x0B,0x3E,0x3E,0x0B,
  12          0x00,0x03,0x0B,0x08,0x0B,0x3E,0x3E,0x0B,
  13          0x00,0x06,0x0E,0x08,0x0B,0x3E,0x3E,0x0B,
  14          0x00,0x0E,0x13,0x7E,0x7E,0x1F,0x0E,0x00,
  15          0x08,0x13,0x7E,0x7E,0x12,0x1D,0x0C,0x00,
  16          0x09,0x12,0x7E,0x7F,0x10,0x13,0x03,0x00,
  17          0x09,0x12,0x7E,0x7F,0x10,0x1C,0x0C,0x00,
  18          0x00,0x0C,0x15,0x7E,0x7E,0x17,0x0E,0x00,  
  19          0x00,0x30,0x38,0x0D,0x7E,0x7E,0x1F,0x09,
  20          0xC0,0xC0,0x30,0x1B,0x7C,0x7F,0x08,0x00,
  21          0x00,0x00,0x37,0xF8,0xFA,0x34,0x00,0x00,
  22          0x00,0x00,0x3F,0xFC,0xFE,0x3E,0x01,0x00,
  23          0x00,0x00,0x1B,0x7C,0x7C,0x1A,0x01,0x00,
  24          0x00,0x00,0x09,0x1E,0x7C,0x7F,0x18,0x00,
  25          0x00,0x00,0x1B,0x7C,0x7C,0x1B,0x00,0x00,
  26          0x00,0x00,0x09,0x1E,0x7C,0x7F,0x18,0x00,
  27          0x00,0x00,0x1B,0x7C,0x7C,0x1B,0x00,0x00,
  28          0x08,0x10,0x16,0x7C,0x7F,0x10,0x08,0x00,
  29          0x00,0x10,0x13,0x7C,0x7E,0x18,0x00,0x00,
  30          0x00,0x08,0x13,0x7C,0x7F,0x10,0x10,0x00,
  31          0x00,0x08,0x12,0xFC,0xFD,0x3A,0x00,0x00,
  32          0x00,0x08,0x12,0xFC,0xFC,0x22,0x10,0x00,
  33          0x00,0x00,0x61,0x12,0x7C,0x7F,0x10,0x60,
  34          0x00,0x00,0x20,0x11,0x12,0x7C,0x7E,0x19,
  35          0x00,0x00,0x00,0x31,0x0A,0x7C,0x7E,0x0D,
  36          0x00,0x00,0x20,0x11,0x12,0x7C,0x7E,0x19,
  37          0x00,0x00,0x00,0x31,0x0A,0x7C,0x7E,0x0D,
  38          0x00,0x00,0x00,0x31,0x0A,0x7C,0x7E,0x1D,
  39          0x00,0x00,0x00,0x31,0x0A,0x7C,0x7E,0x0D,
  40          };
  41          
  42          void main()
  43          { unsigned char i,num=0,count=0;
  44   1        void MatrixLED_Init();
  45   1          while(1)
  46   1          {  for(i=0;i<8;i++)
  47   2          {MatrixLED_ShowColun(i,Animation[i+num]);}
  48   2          count++;
  49   2          if(count>=15)
  50   2          {count=0;
  51   3           num=num+8;
  52   3            if(num>264)
  53   3            {num=0; }
  54   3          }
C51 COMPILER V9.54   MAIN                                                                  07/13/2026 15:12:07 PAGE 2   

  55   2           
  56   2           }
  57   1      }


MODULE INFORMATION:   STATIC OVERLAYABLE
   CODE SIZE        =     77    ----
   CONSTANT SIZE    =    272    ----
   XDATA SIZE       =   ----    ----
   PDATA SIZE       =   ----    ----
   DATA SIZE        =   ----       3
   IDATA SIZE       =   ----    ----
   BIT SIZE         =   ----    ----
END OF MODULE INFORMATION.


C51 COMPILATION COMPLETE.  0 WARNING(S),  0 ERROR(S)
