C51 COMPILER V9.54   MATRIXLED                                                             07/13/2026 13:34:56 PAGE 1   


C51 COMPILER V9.54, COMPILATION OF MODULE MATRIXLED
OBJECT MODULE PLACED IN .\Objects\MatrixLED.obj
COMPILER INVOKED BY: D:\embedded development\keil5\C51\BIN\C51.EXE MatrixLED.c OPTIMIZE(8,SPEED) BROWSE DEBUG OBJECTEXTE
                    -ND PRINT(.\Listings\MatrixLED.lst) TABS(2) OBJECT(.\Objects\MatrixLED.obj)

line level    source

   1          #include <REGX52.H>
   2          #include "Delay.h"
   3          
   4          sbit RCK=P3^5;//RCLK
   5          sbit SCK=P3^6;//SRCLK
   6          sbit SER=P3^4;//SER
   7          
   8          #define MATRIX_LED_PORT  P0
   9          
  10          /**
  11            *@brief  74HC595 write a word
  12            *@param  need word
  13            *@retval  no
  14            */
  15          
  16          void _74HC595_WriteByte(unsigned char Byte)
  17          {unsigned char i;
  18   1        for(i=0;i<8;i++)
  19   1        {
  20   2        SER=Byte&(0x80>>i);
  21   2        SCK=1;
  22   2        SCK=0;  
  23   2        }
  24   1        RCK=1;
  25   1        RCK=0;
  26   1      }
  27          
  28          void MatrixLED_Init()
  29          {
  30   1        SCK=0;
  31   1        RCK=0;
  32   1      }
  33          
  34          /**
  35            *@brief LED show a date
  36            *@param column range:0~7,0 is the left
  37            *@param date is the datein the column 
  38            range:0~7,0 in the down,light is 1;
  39            *@retval no
  40            */
  41          
  42          void MatrixLED_ShowColun(unsigned char Column,Date)
  43          {
  44   1        _74HC595_WriteByte(Date);
  45   1        MATRIX_LED_PORT=~(0x80>>Column);
  46   1        Delay(1);
  47   1        MATRIX_LED_PORT=0xFF;
  48   1      }


MODULE INFORMATION:   STATIC OVERLAYABLE
   CODE SIZE        =     84    ----
   CONSTANT SIZE    =   ----    ----
   XDATA SIZE       =   ----    ----
C51 COMPILER V9.54   MATRIXLED                                                             07/13/2026 13:34:56 PAGE 2   

   PDATA SIZE       =   ----    ----
   DATA SIZE        =   ----    ----
   IDATA SIZE       =   ----    ----
   BIT SIZE         =   ----    ----
END OF MODULE INFORMATION.


C51 COMPILATION COMPLETE.  0 WARNING(S),  0 ERROR(S)
