C51 COMPILER V9.54   MAIN                                                                  07/03/2026 21:53:05 PAGE 1   


C51 COMPILER V9.54, COMPILATION OF MODULE MAIN
OBJECT MODULE PLACED IN .\Objects\main.obj
COMPILER INVOKED BY: D:\embedded development\keil5\C51\BIN\C51.EXE main.c OPTIMIZE(8,SPEED) BROWSE DEBUG OBJECTEXTEND PR
                    -INT(.\Listings\main.lst) TABS(2) OBJECT(.\Objects\main.obj)

line level    source

   1          #include <REGX52.H>
   2          #include "Delay.h"
   3          #include "LCD1602.h"
   4          #include "Time0.h"
   5          unsigned char S=50,M=59,H=24;
   6          void main()
   7          { LCD_Init();
   8   1        LCD_ShowString(1,1,"Clock");
   9   1        Timer0Init();   
  10   1        while(1)
  11   1        {
  12   2          LCD_ShowNum(2,1,H,2);
  13   2          LCD_ShowNum(2,4,M,2);
  14   2          LCD_ShowNum(2,7,S,2);
  15   2          LCD_ShowString(2,1,"  :  :  ");
  16   2          
  17   2          
  18   2        }
  19   1        
  20   1        
  21   1        
  22   1      }
  23          void Timer0_Routine() interrupt 1
  24          { 
  25   1      static unsigned int T0Count;
  26   1      TL0 = 0x18;   
  27   1        TH0 = 0xFC; 
  28   1      T0Count++;
  29   1      if(T0Count==1000)
  30   1      {T0Count=0;
  31   2        S++;
  32   2        if(S>=60)
  33   2      {S=0;M++;
  34   3      if(M>=60)
  35   3      {M=0;H++;
  36   4      if(H>=24)
  37   4      {H=0;}}
  38   3      }
  39   2        
  40   2        
  41   2        
  42   2      }}


MODULE INFORMATION:   STATIC OVERLAYABLE
   CODE SIZE        =    150    ----
   CONSTANT SIZE    =     15    ----
   XDATA SIZE       =   ----    ----
   PDATA SIZE       =   ----    ----
   DATA SIZE        =      5    ----
   IDATA SIZE       =   ----    ----
   BIT SIZE         =   ----    ----
END OF MODULE INFORMATION.


C51 COMPILATION COMPLETE.  0 WARNING(S),  0 ERROR(S)
