C51 COMPILER V9.54   MAIN                                                                  07/13/2026 13:18:56 PAGE 1   


C51 COMPILER V9.54, COMPILATION OF MODULE MAIN
OBJECT MODULE PLACED IN .\Objects\main.obj
COMPILER INVOKED BY: D:\embedded development\keil5\C51\BIN\C51.EXE main.c OPTIMIZE(8,SPEED) BROWSE DEBUG OBJECTEXTEND PR
                    -INT(.\Listings\main.lst) TABS(2) OBJECT(.\Objects\main.obj)

line level    source

   1          #include <REGX52.H>
   2          #include "Delay.h"
   3          
   4          sbit RCK=P3^5;//RCLK
   5          sbit SCK=P3^6;//SRCLK
   6          sbit SER=P3^4;//SER
   7          
   8          #define MATRIX_LED_PORT  P0
   9          
  10          /**
  11            *@brief  74HC595 write a word
  12            *@param  need word
  13            *@retval  no
  14            */
  15          
  16          void _74HC595_WriteByte(unsigned char Byte)
  17          {unsigned char i;
  18   1        for(i=0;i<8;i++)
  19   1        {
  20   2        SER=Byte&(0x80>>i);
  21   2        SCK=1;
  22   2        SCK=0;  
  23   2        }
  24   1        RCK=1;
  25   1        RCK=0;
  26   1      }
  27          
  28          /**
  29            *@brief LED show a date
  30            *@param column range:0~7,0 is the left
  31            *@param date is the datein the column 
  32            range:0~7,0 in the down,light is 1;
  33            *@retval no
  34            */
  35          
  36          void MatrixLED_ShowColun(unsigned char Column,Date)
  37          {
  38   1        _74HC595_WriteByte(Date);
  39   1        P0=~(0x80>>Column);
  40   1        Delay(1);
  41   1        P0=0xFF;
  42   1      }
  43          
  44          void main()
  45          {   SCK=0;
  46   1          RCK=0;
  47   1        
  48   1          while(1)
  49   1          {MatrixLED_ShowColun(0,0x70);
  50   2           MatrixLED_ShowColun(1,0x88);
  51   2           MatrixLED_ShowColun(2,0x84);
  52   2           MatrixLED_ShowColun(3,0x42);
  53   2           MatrixLED_ShowColun(4,0x42); 
  54   2           MatrixLED_ShowColun(5,0x84);
C51 COMPILER V9.54   MAIN                                                                  07/13/2026 13:18:56 PAGE 2   

  55   2           MatrixLED_ShowColun(6,0x88);
  56   2            MatrixLED_ShowColun(7,0x70);
  57   2           }
  58   1      }


MODULE INFORMATION:   STATIC OVERLAYABLE
   CODE SIZE        =    157    ----
   CONSTANT SIZE    =   ----    ----
   XDATA SIZE       =   ----    ----
   PDATA SIZE       =   ----    ----
   DATA SIZE        =   ----    ----
   IDATA SIZE       =   ----    ----
   BIT SIZE         =   ----    ----
END OF MODULE INFORMATION.


C51 COMPILATION COMPLETE.  0 WARNING(S),  0 ERROR(S)
