C51 COMPILER V9.54   MAIN                                                                  05/23/2026 17:08:55 PAGE 1   


C51 COMPILER V9.54, COMPILATION OF MODULE MAIN
OBJECT MODULE PLACED IN .\Objects\main.obj
COMPILER INVOKED BY: D:\”„ÆŹ»ú\51”„ÆŹ»ú\klie5\C51\BIN\C51.EXE main.c OPTIMIZE(8,SPEED) BROWSE DEBUG OBJECTEXTEND PRINT(.
                    -\Listings\main.lst) TABS(2) OBJECT(.\Objects\main.obj)

line level    source

   1          #include <REGX52.H>
   2          void Delay(xms)   //@12.000MHz
   3          {
   4   1        unsigned char i, j;
   5   1      
   6   1        
   7   1        while(xms--)
   8   1      { i = 2;
   9   2        j = 239;
  10   2        do
  11   2        {
  12   3          while (--j);
  13   3          } while (--i);}
  14   1      }
  15          
  16          sum[10]={0x3F,0x06,0x5B,0x4F,0x66,0x6D,0x7D,0x07,0x7F,0x6F};
  17          void show(int LED,int num)
  18          {switch(LED)
  19   1      {case 1:P2_4=1;P2_3=1;P2_2=1;break;
  20   2       case 2:P2_4=1;P2_3=1;P2_2=0;break;
  21   2       case 3:P2_4=1;P2_3=0;P2_2=1;break;
  22   2       case 4:P2_4=1;P2_3=0;P2_2=0;break;
  23   2       case 5:P2_4=0;P2_3=1;P2_2=1;break;
  24   2       case 6:P2_4=0;P2_3=1;P2_2=0;break;
  25   2       case 7:P2_4=0;P2_3=0;P2_2=1;break;
  26   2       case 8:P2_4=0;P2_3=0;P2_2=0;break;
  27   2      }P0=sum[num];
  28   1      Delay(1);
  29   1      P0=0x00;
  30   1      }
  31          void main()
  32          {
  33   1      
  34   1      
  35   1      while(1)
  36   1         {show(1,9);
  37   2         show(2,1);
  38   2         show(5,2);
  39   2         show(6,7);
  40   2         show(7,7);
  41   2         show(8,8);
  42   2         
  43   2         
  44   2         
  45   2         
  46   2         }
  47   1      
  48   1      
  49   1      
  50   1      }


MODULE INFORMATION:   STATIC OVERLAYABLE
   CODE SIZE        =    198    ----
C51 COMPILER V9.54   MAIN                                                                  05/23/2026 17:08:55 PAGE 2   

   CONSTANT SIZE    =   ----    ----
   XDATA SIZE       =   ----    ----
   PDATA SIZE       =   ----    ----
   DATA SIZE        =     20    ----
   IDATA SIZE       =   ----    ----
   BIT SIZE         =   ----    ----
END OF MODULE INFORMATION.


C51 COMPILATION COMPLETE.  0 WARNING(S),  0 ERROR(S)
