C51 COMPILER V9.54   MAIN                                                                  05/04/2026 16:06:57 PAGE 1   


C51 COMPILER V9.54, COMPILATION OF MODULE MAIN
OBJECT MODULE PLACED IN .\Objects\main.obj
COMPILER INVOKED BY: D:\Ķ•∆¨Ľķ\51Ķ•∆¨Ľķ\klie5\C51\BIN\C51.EXE main.c OPTIMIZE(8,SPEED) BROWSE DEBUG OBJECTEXTEND PRINT(.
                    -\Listings\main.lst) TABS(2) OBJECT(.\Objects\main.obj)

line level    source

   1          #include <REGX52.H>
   2          
   3          void Delay(unsigned int xms)    //@12.000MHz
   4          {
   5   1        unsigned char i, j;
   6   1      while(xms--)
   7   1      {
   8   2        i = 2;
   9   2        j = 239;
  10   2        do
  11   2        {
  12   3          while (--j);
  13   3        } while (--i);
  14   2      }
  15   1      }
  16          char LEDnum;
  17          void main()
  18          {
  19   1      
  20   1      while(1)
  21   1      {if(P3_1==0)
  22   2      {Delay(20);//20
  23   3      while(P3_1==0);
  24   3      Delay(20);
  25   3      
  26   3      LEDnum++;
  27   3      
  28   3      if(LEDnum>=8)
  29   3        LEDnum=0;
  30   3      P2=~(0x01<<LEDnum);
  31   3      
  32   3      }
  33   2      //30
  34   2      
  35   2      if(P3_0==0)
  36   2      {Delay(20);
  37   3      while(P3_0==0);
  38   3      Delay(20);
  39   3      LEDnum--;
  40   3      if(LEDnum<0)
  41   3        LEDnum=7;
  42   3      P2=~(0x01<<LEDnum);
  43   3      
  44   3      
  45   3      
  46   3      
  47   3      
  48   3      }}
  49   1      }


MODULE INFORMATION:   STATIC OVERLAYABLE
   CODE SIZE        =    111    ----
   CONSTANT SIZE    =   ----    ----
C51 COMPILER V9.54   MAIN                                                                  05/04/2026 16:06:57 PAGE 2   

   XDATA SIZE       =   ----    ----
   PDATA SIZE       =   ----    ----
   DATA SIZE        =      1    ----
   IDATA SIZE       =   ----    ----
   BIT SIZE         =   ----    ----
END OF MODULE INFORMATION.


C51 COMPILATION COMPLETE.  0 WARNING(S),  0 ERROR(S)
