C51 COMPILER V9.54   MAIN                                                                  07/03/2026 21:23:53 PAGE 1   


C51 COMPILER V9.54, COMPILATION OF MODULE MAIN
OBJECT MODULE PLACED IN .\Objects\main.obj
COMPILER INVOKED BY: D:\embedded development\keil5\C51\BIN\C51.EXE main.c OPTIMIZE(8,SPEED) BROWSE DEBUG OBJECTEXTEND PR
                    -INT(.\Listings\main.lst) TABS(2) OBJECT(.\Objects\main.obj)

line level    source

   1          #include <REGX52.H>
   2          #include "Time0.h"
   3          #include "Key.h"
   4          #include <INTRINS.H>
   5          
   6          unsigned char KeyNum;
   7          unsigned char LEDmode=0;
   8          void Timer0_Routine() interrupt 1
   9          {static unsigned int count=0;
  10   1        count++;
  11   1        TL0 = 0x18;   //??????
  12   1        TH0 = 0xFC; 
  13   1          if(count==300)
  14   1          {count=0;
  15   2            if(LEDmode==0){P2=_crol_(P2,1);}
  16   2            if(LEDmode==1){P2=_cror_(P2,1);}
  17   2              
  18   2          }
  19   1      
  20   1      } 
  21          
  22          
  23          void main()
  24          {P2=0xFE;
  25   1      Timer0Init();
  26   1          while(1)
  27   1          {KeyNum=Key();
  28   2            if(KeyNum)
  29   2            {if(KeyNum==1)
  30   3              {LEDmode++;
  31   4                if(LEDmode>=2)
  32   4                {LEDmode=0;}}
  33   3              
  34   3              
  35   3              
  36   3              
  37   3              
  38   3              
  39   3            }
  40   2            
  41   2            
  42   2          }
  43   1      
  44   1      }


MODULE INFORMATION:   STATIC OVERLAYABLE
   CODE SIZE        =    117    ----
   CONSTANT SIZE    =   ----    ----
   XDATA SIZE       =   ----    ----
   PDATA SIZE       =   ----    ----
   DATA SIZE        =      4    ----
   IDATA SIZE       =   ----    ----
   BIT SIZE         =   ----    ----
C51 COMPILER V9.54   MAIN                                                                  07/03/2026 21:23:53 PAGE 2   

END OF MODULE INFORMATION.


C51 COMPILATION COMPLETE.  0 WARNING(S),  0 ERROR(S)
