C51 COMPILER V9.54   TIME0                                                                 07/03/2026 20:41:51 PAGE 1   


C51 COMPILER V9.54, COMPILATION OF MODULE TIME0
OBJECT MODULE PLACED IN .\Objects\Time0.obj
COMPILER INVOKED BY: D:\embedded development\keil5\C51\BIN\C51.EXE Time0.c OPTIMIZE(8,SPEED) BROWSE DEBUG OBJECTEXTEND P
                    -RINT(.\Listings\Time0.lst) TABS(2) OBJECT(.\Objects\Time0.obj)

line level    source

   1          #include <REGX52.H>
   2          void Timer0Init(void)   //1??@12.000MHz
   3          {
   4   1      
   5   1        TMOD &= 0xF0;   //
   6   1        TMOD |= 0x01;   //???????
   7   1        TL0 = 0x18;   //?
   8   1        TH0 = 0xFC;   //??????
   9   1        TF0 = 0;    //
  10   1        TR0 = 1;
  11   1      ET0=1;
  12   1        EA=1;
  13   1        PT0=0;  //???0????
  14   1      }
  15          /*void Timer0Init(void)   //1毫秒@12.000MHz
  16          {
  17            TMOD &= 0xF0;   //设置定时器模式
  18            TMOD |= 0x01;   //设置定时器模式
  19            TL0 = 0x18;   //设置定时初值
  20            TH0 = 0xFC;   //设置定时初值
  21            TF0 = 0;    //清除TF0标志
  22            TR0 = 1;
  23          ET0=1;
  24            EA=1;
  25            PT0=0;  //定时器0开始计时
  26          }*/


MODULE INFORMATION:   STATIC OVERLAYABLE
   CODE SIZE        =     23    ----
   CONSTANT SIZE    =   ----    ----
   XDATA SIZE       =   ----    ----
   PDATA SIZE       =   ----    ----
   DATA SIZE        =   ----    ----
   IDATA SIZE       =   ----    ----
   BIT SIZE         =   ----    ----
END OF MODULE INFORMATION.


C51 COMPILATION COMPLETE.  0 WARNING(S),  0 ERROR(S)
