C51 COMPILER V9.54   MAIN                                                                  05/23/2026 16:31:03 PAGE 1   


C51 COMPILER V9.54, COMPILATION OF MODULE MAIN
OBJECT MODULE PLACED IN .\Objects\main.obj
COMPILER INVOKED BY: D:\Ķ•∆¨Ľķ\51Ķ•∆¨Ľķ\klie5\C51\BIN\C51.EXE main.c OPTIMIZE(8,SPEED) BROWSE DEBUG OBJECTEXTEND PRINT(.
                    -\Listings\main.lst) TABS(2) OBJECT(.\Objects\main.obj)

line level    source

   1          #include <REGX52.H>
   2          sum[10]={0x3F,0x30,0x5B,0x4F,0x66,0x6D,0x7D,0x07,0x7F,0x6F};
   3          void main()
   4          {
   5   1      int LED=3;
   6   1      int num=8;
   7   1      switch(LED)
   8   1      {case 1:P2_4=1;P2_3=1;P2_2=1;break;
   9   2       case 2:P2_4=1;P2_3=1;P2_2=0;break;
  10   2       case 3:P2_4=1;P2_3=0;P2_2=1;break;
  11   2       case 4:P2_4=1;P2_3=0;P2_2=0;break;
  12   2       case 5:P2_4=0;P2_3=1;P2_2=1;break;
  13   2       case 6:P2_4=0;P2_3=1;P2_2=0;break;
  14   2       case 7:P2_4=0;P2_3=0;P2_2=1;break;
  15   2       case 8:P2_4=0;P2_3=0;P2_2=0;break;
  16   2      
  17   2      }P0=sum[num];
  18   1      while(1)
  19   1         {
  20   2         
  21   2         
  22   2         
  23   2         
  24   2         }
  25   1      
  26   1      
  27   1      
  28   1      }


MODULE INFORMATION:   STATIC OVERLAYABLE
   CODE SIZE        =    114    ----
   CONSTANT SIZE    =   ----    ----
   XDATA SIZE       =   ----    ----
   PDATA SIZE       =   ----    ----
   DATA SIZE        =     20    ----
   IDATA SIZE       =   ----    ----
   BIT SIZE         =   ----    ----
END OF MODULE INFORMATION.


C51 COMPILATION COMPLETE.  0 WARNING(S),  0 ERROR(S)
