C51 COMPILER V9.54   MAIN                                                                  05/24/2026 15:26:15 PAGE 1   


C51 COMPILER V9.54, COMPILATION OF MODULE MAIN
OBJECT MODULE PLACED IN .\Objects\main.obj
COMPILER INVOKED BY: D:\µ„Ę¬»ś\51µ„Ę¬»ś\klie5\C51\BIN\C51.EXE main.c OPTIMIZE(8,SPEED) BROWSE DEBUG OBJECTEXTEND PRINT(.
                    -\Listings\main.lst) TABS(2) OBJECT(.\Objects\main.obj)

line level    source

   1          #include <REGX52.H>
   2          #include"Delay.h"
   3          #include"LED.h"
   4          void main()
   5          {
   6   1      
   7   1        while(1)
   8   1        {show(1,9);
   9   2         show(2,1);
  10   2         show(5,2);
  11   2         show(6,7);
  12   2         show(7,7);
  13   2         show(8,8) ;}
  14   1      
  15   1        
  16   1      
  17   1      
  18   1      
  19   1      }


MODULE INFORMATION:   STATIC OVERLAYABLE
   CODE SIZE        =     68    ----
   CONSTANT SIZE    =   ----    ----
   XDATA SIZE       =   ----    ----
   PDATA SIZE       =   ----    ----
   DATA SIZE        =   ----    ----
   IDATA SIZE       =   ----    ----
   BIT SIZE         =   ----    ----
END OF MODULE INFORMATION.


C51 COMPILATION COMPLETE.  0 WARNING(S),  0 ERROR(S)
