C51 COMPILER V9.54   MAIN                                                                  07/13/2026 14:07:31 PAGE 1   


C51 COMPILER V9.54, COMPILATION OF MODULE MAIN
OBJECT MODULE PLACED IN .\Objects\main.obj
COMPILER INVOKED BY: D:\embedded development\keil5\C51\BIN\C51.EXE main.c OPTIMIZE(8,SPEED) BROWSE DEBUG OBJECTEXTEND PR
                    -INT(.\Listings\main.lst) TABS(2) OBJECT(.\Objects\main.obj)

line level    source

   1          #include <REGX52.H>
   2          #include "Delay.h"
   3          #include "Matrix.h"
   4          
   5          unsigned char Animation[]={
   6            0x00,0x00,0x00,0x00,
   7            0x00,0x00,0x00,0x00,
   8            0xFF,0x08,0x08,0x08,
   9            0xFF,0x00,0x0E,0x15,
  10            0x15,0x15,0x08,0x00,
  11            0xFE,0x01,0x02,0x00,
  12            0xFE,0x01,0x02,0x00,
  13            0x0E,0x11,0x11,0x0E,
  14            0x00,0x7D,0x00,0x00,
  15            0x00,0x00,0x00,0x00,
  16            0x00,0x00,0x00,0x00};
  17          
  18          void main()
  19          { unsigned char i,num=0,count=0;
  20   1        void MatrixLED_Init();
  21   1          while(1)
  22   1          {  for(i=0;i<8;i++)
  23   2          {MatrixLED_ShowColun(i,Animation[i+num]);}
  24   2          count++;
  25   2          if(count>=9)
  26   2          {count=0;
  27   3           num++;
  28   3            if(num>36)
  29   3            {num=0; }
  30   3          }
  31   2           
  32   2           }
  33   1      }


MODULE INFORMATION:   STATIC OVERLAYABLE
   CODE SIZE        =     59    ----
   CONSTANT SIZE    =   ----    ----
   XDATA SIZE       =   ----    ----
   PDATA SIZE       =   ----    ----
   DATA SIZE        =     44       3
   IDATA SIZE       =   ----    ----
   BIT SIZE         =   ----    ----
END OF MODULE INFORMATION.


C51 COMPILATION COMPLETE.  0 WARNING(S),  0 ERROR(S)
