C51 COMPILER V9.54   JUZHENG                                                               06/17/2026 17:02:37 PAGE 1   


C51 COMPILER V9.54, COMPILATION OF MODULE JUZHENG
OBJECT MODULE PLACED IN .\Objects\juzheng.obj
COMPILER INVOKED BY: D:\µĄĆ¬»ú\51µĄĆ¬»ú\klie5\C51\BIN\C51.EXE juzheng.c OPTIMIZE(8,SPEED) BROWSE DEBUG OBJECTEXTEND PRIN
                    -T(.\Listings\juzheng.lst) TABS(2) OBJECT(.\Objects\juzheng.obj)

line level    source

   1          #include <REGX52.H>
   2          #include "Delay.h"
   3          
   4          unsigned char MatrixKey()
   5          {
   6   1      unsigned char MatrixKey=0;
   7   1      P1=0xFF;
   8   1      P1_3=0;
   9   1      if(P1_7==0){Delay(20);while(P1_7==0);Delay(20);MatrixKey=1;}
  10   1      if(P1_6==0){Delay(20);while(P1_6==0);Delay(20);MatrixKey=5;}
  11   1      if(P1_5==0){Delay(20);while(P1_5==0);Delay(20);MatrixKey=9;}
  12   1      if(P1_4==0){Delay(20);while(P1_4==0);Delay(20);MatrixKey=13;}
  13   1      
  14   1      P1=0xFF;
  15   1      P1_2=0;
  16   1      if(P1_7==0){Delay(20);while(P1_7==0);Delay(20);MatrixKey=2;}
  17   1      if(P1_6==0){Delay(20);while(P1_6==0);Delay(20);MatrixKey=6;}
  18   1      if(P1_5==0){Delay(20);while(P1_5==0);Delay(20);MatrixKey=10;}
  19   1      if(P1_4==0){Delay(20);while(P1_4==0);Delay(20);MatrixKey=14;}
  20   1      
  21   1      P1=0xFF;
  22   1      P1_1=0;
  23   1      if(P1_7==0){Delay(20);while(P1_7==0);Delay(20);MatrixKey=3;}
  24   1      if(P1_6==0){Delay(20);while(P1_6==0);Delay(20);MatrixKey=7;}
  25   1      if(P1_5==0){Delay(20);while(P1_5==0);Delay(20);MatrixKey=11;}
  26   1      if(P1_4==0){Delay(20);while(P1_4==0);Delay(20);MatrixKey=15;}
  27   1      
  28   1      P1=0xFF;
  29   1      P1_0=0;
  30   1      if(P1_7==0){Delay(20);while(P1_7==0);Delay(20);MatrixKey=4;}
  31   1      if(P1_6==0){Delay(20);while(P1_6==0);Delay(20);MatrixKey=8;}
  32   1      if(P1_5==0){Delay(20);while(P1_5==0);Delay(20);MatrixKey=12;}
  33   1      if(P1_4==0){Delay(20);while(P1_4==0);Delay(20);MatrixKey=16;}
  34   1      
  35   1      
  36   1      return MatrixKey;
  37   1      }
  38          
  39          
  40          
  41          


MODULE INFORMATION:   STATIC OVERLAYABLE
   CODE SIZE        =    393    ----
   CONSTANT SIZE    =   ----    ----
   XDATA SIZE       =   ----    ----
   PDATA SIZE       =   ----    ----
   DATA SIZE        =   ----       1
   IDATA SIZE       =   ----    ----
   BIT SIZE         =   ----    ----
END OF MODULE INFORMATION.


C51 COMPILATION COMPLETE.  0 WARNING(S),  0 ERROR(S)
