C51 COMPILER V9.54   MAIN                                                                  06/18/2026 17:46:09 PAGE 1   


C51 COMPILER V9.54, COMPILATION OF MODULE MAIN
OBJECT MODULE PLACED IN .\Objects\main.obj
COMPILER INVOKED BY: D:\µĄĆ¬»ú\51µĄĆ¬»ú\klie5\C51\BIN\C51.EXE main.c OPTIMIZE(8,SPEED) BROWSE DEBUG OBJECTEXTEND PRINT(.
                    -\Listings\main.lst) TABS(2) OBJECT(.\Objects\main.obj)

line level    source

   1          #include <REGX52.H>
   2          #include "Delay.h"
   3          #include "juzheng.h"
   4          #include "LCD1602.h"
   5          
   6          
   7          void main()
   8          {unsigned char num;
   9   1      unsigned int ni;
  10   1      unsigned char n=0;
  11   1      LCD_Init();
  12   1      LCD_ShowString(1,1,"It is what?");
  13   1      while(1)
  14   1      {num=MatrixKey();
  15   2          if(num)
  16   2          {   
  17   3              if(num<=10)
  18   3              { if(n==0)
  19   4              {ni=num%10;
  20   5               LCD_ShowNum(2,1,ni,4);
  21   5               n++;
  22   5              }
  23   4              else if(n>0&&n<4)
  24   4              {ni=ni*10+num%10;
  25   5               LCD_ShowNum(2,1,ni,4);
  26   5               n++;
  27   5                }}
  28   3          
  29   3              
  30   3                
  31   3              if(n==4)
  32   3              {if(num==11)
  33   4              {if(ni==1234)
  34   5              {LCD_ShowString(1,1,"           ");
  35   6              LCD_ShowString(1,1,"OK");
  36   6              LCD_ShowNum(2,1,0,4);
  37   6               }
  38   5               else
  39   5               {LCD_ShowString(1,1,"           ");
  40   6               LCD_ShowString(1,1,"FUCK YOU");
  41   6               LCD_ShowNum(2,1,0,4);}
  42   5               }
  43   4               else if(num==12)
  44   4               {n=0,ni=0;
  45   5               LCD_ShowString(1,1,"It is what?");
  46   5               LCD_ShowNum(2,1,ni,4);}}       
  47   3              
  48   3              
  49   3              
  50   3              
  51   3               
  52   3              
  53   3      
  54   3      
C51 COMPILER V9.54   MAIN                                                                  06/18/2026 17:46:09 PAGE 2   

  55   3      
  56   3          }
  57   2      
  58   2      
  59   2      }
  60   1      
  61   1      
  62   1      }
  63          //num=MatrixKey();
  64          //if(num)
  65          //{LCD_ShowNum(2,1,num,2);


MODULE INFORMATION:   STATIC OVERLAYABLE
   CODE SIZE        =    235    ----
   CONSTANT SIZE    =     36    ----
   XDATA SIZE       =   ----    ----
   PDATA SIZE       =   ----    ----
   DATA SIZE        =   ----       4
   IDATA SIZE       =   ----    ----
   BIT SIZE         =   ----    ----
END OF MODULE INFORMATION.


C51 COMPILATION COMPLETE.  0 WARNING(S),  0 ERROR(S)
